c:\users\cdac\desktop\assignment1\assignment-1-at-cdac\calculator\calculator\debug\vc140.pdb
c:\users\cdac\desktop\assignments\ncrwork-cdac-assignments\c assigments\cassign_1\1.calculator\calculator\debug\vc140.pdb
c:\users\cdac\desktop\assignments\ncrwork-cdac-assignments\c assigments\cassign_1\1.calculator\calculator\debug\vc140.idb
c:\users\cdac\desktop\assignments\ncrwork-cdac-assignments\c assigments\cassign_1\1.calculator\calculator\debug\add.obj
c:\users\cdac\desktop\assignments\ncrwork-cdac-assignments\c assigments\cassign_1\1.calculator\calculator\debug\divi.obj
c:\users\cdac\desktop\assignments\ncrwork-cdac-assignments\c assigments\cassign_1\1.calculator\calculator\debug\mul.obj
c:\users\cdac\desktop\assignments\ncrwork-cdac-assignments\c assigments\cassign_1\1.calculator\calculator\debug\source.obj
c:\users\cdac\desktop\assignments\ncrwork-cdac-assignments\c assigments\cassign_1\1.calculator\calculator\debug\sub.obj
c:\users\cdac\desktop\assignment1\assignment-1-at-cdac\calculator\debug\calculator.ilk
c:\users\cdac\desktop\assignment1\assignment-1-at-cdac\calculator\debug\calculator.exe
c:\users\cdac\desktop\assignment1\assignment-1-at-cdac\calculator\debug\calculator.pdb
c:\users\cdac\desktop\assignments\ncrwork-cdac-assignments\c assigments\cassign_1\1.calculator\debug\calculator.ilk
c:\users\cdac\desktop\assignments\ncrwork-cdac-assignments\c assigments\cassign_1\1.calculator\debug\calculator.exe
c:\users\cdac\desktop\assignments\ncrwork-cdac-assignments\c assigments\cassign_1\1.calculator\debug\calculator.pdb
c:\users\cdac\desktop\assignments\ncrwork-cdac-assignments\c assigments\cassign_1\1.calculator\calculator\debug\calculator.tlog\cl.command.1.tlog
c:\users\cdac\desktop\assignments\ncrwork-cdac-assignments\c assigments\cassign_1\1.calculator\calculator\debug\calculator.tlog\cl.read.1.tlog
c:\users\cdac\desktop\assignments\ncrwork-cdac-assignments\c assigments\cassign_1\1.calculator\calculator\debug\calculator.tlog\cl.write.1.tlog
c:\users\cdac\desktop\assignments\ncrwork-cdac-assignments\c assigments\cassign_1\1.calculator\calculator\debug\calculator.tlog\link.command.1.tlog
c:\users\cdac\desktop\assignments\ncrwork-cdac-assignments\c assigments\cassign_1\1.calculator\calculator\debug\calculator.tlog\link.read.1.tlog
c:\users\cdac\desktop\assignments\ncrwork-cdac-assignments\c assigments\cassign_1\1.calculator\calculator\debug\calculator.tlog\link.write.1.tlog
